<?xml version="1.0" encoding="UTF-8"?>
<testsuite xmlns:xsi="http://www.w3.org/2001/XMLSchema-instance" xsi:noNamespaceSchemaLocation="https://maven.apache.org/surefire/maven-surefire-plugin/xsd/surefire-test-report.xsd" version="3.0.2" name="com.tencent.HelloGitApplicationTests" time="2.447" tests="1" errors="0" skipped="0" failures="0">
  <properties>
    <property name="java.specification.version" value="17"/>
    <property name="sun.cpu.isalist" value="amd64"/>
    <property name="sun.jnu.encoding" value="GBK"/>
    <property name="java.class.path" value="D:\code\HelloGit\target\test-classes;D:\code\HelloGit\target\classes;D:\lab\apache-maven-3.9.8\mvn_resp\org\springframework\boot\spring-boot-starter\3.4.0\spring-boot-starter-3.4.0.jar;D:\lab\apache-maven-3.9.8\mvn_resp\org\springframework\boot\spring-boot\3.4.0\spring-boot-3.4.0.jar;D:\lab\apache-maven-3.9.8\mvn_resp\org\springframework\spring-context\6.2.0\spring-context-6.2.0.jar;D:\lab\apache-maven-3.9.8\mvn_resp\org\springframework\boot\spring-boot-autoconfigure\3.4.0\spring-boot-autoconfigure-3.4.0.jar;D:\lab\apache-maven-3.9.8\mvn_resp\org\springframework\boot\spring-boot-starter-logging\3.4.0\spring-boot-starter-logging-3.4.0.jar;D:\lab\apache-maven-3.9.8\mvn_resp\ch\qos\logback\logback-classic\1.5.12\logback-classic-1.5.12.jar;D:\lab\apache-maven-3.9.8\mvn_resp\ch\qos\logback\logback-core\1.5.12\logback-core-1.5.12.jar;D:\lab\apache-maven-3.9.8\mvn_resp\org\apache\logging\log4j\log4j-to-slf4j\2.24.1\log4j-to-slf4j-2.24.1.jar;D:\lab\apache-maven-3.9.8\mvn_resp\org\apache\logging\log4j\log4j-api\2.24.1\log4j-api-2.24.1.jar;D:\lab\apache-maven-3.9.8\mvn_resp\org\slf4j\jul-to-slf4j\2.0.16\jul-to-slf4j-2.0.16.jar;D:\lab\apache-maven-3.9.8\mvn_resp\jakarta\annotation\jakarta.annotation-api\2.1.1\jakarta.annotation-api-2.1.1.jar;D:\lab\apache-maven-3.9.8\mvn_resp\org\springframework\spring-core\6.2.0\spring-core-6.2.0.jar;D:\lab\apache-maven-3.9.8\mvn_resp\org\springframework\spring-jcl\6.2.0\spring-jcl-6.2.0.jar;D:\lab\apache-maven-3.9.8\mvn_resp\org\yaml\snakeyaml\2.3\snakeyaml-2.3.jar;D:\lab\apache-maven-3.9.8\mvn_resp\org\springframework\boot\spring-boot-starter-test\3.4.0\spring-boot-starter-test-3.4.0.jar;D:\lab\apache-maven-3.9.8\mvn_resp\org\springframework\boot\spring-boot-test\3.4.0\spring-boot-test-3.4.0.jar;D:\lab\apache-maven-3.9.8\mvn_resp\org\springframework\boot\spring-boot-test-autoconfigure\3.4.0\spring-boot-test-autoconfigure-3.4.0.jar;D:\lab\apache-maven-3.9.8\mvn_resp\com\jayway\jsonpath\json-path\2.9.0\json-path-2.9.0.jar;D:\lab\apache-maven-3.9.8\mvn_resp\org\slf4j\slf4j-api\2.0.16\slf4j-api-2.0.16.jar;D:\lab\apache-maven-3.9.8\mvn_resp\jakarta\xml\bind\jakarta.xml.bind-api\4.0.2\jakarta.xml.bind-api-4.0.2.jar;D:\lab\apache-maven-3.9.8\mvn_resp\jakarta\activation\jakarta.activation-api\2.1.3\jakarta.activation-api-2.1.3.jar;D:\lab\apache-maven-3.9.8\mvn_resp\net\minidev\json-smart\2.5.1\json-smart-2.5.1.jar;D:\lab\apache-maven-3.9.8\mvn_resp\net\minidev\accessors-smart\2.5.1\accessors-smart-2.5.1.jar;D:\lab\apache-maven-3.9.8\mvn_resp\org\ow2\asm\asm\9.6\asm-9.6.jar;D:\lab\apache-maven-3.9.8\mvn_resp\org\assertj\assertj-core\3.26.3\assertj-core-3.26.3.jar;D:\lab\apache-maven-3.9.8\mvn_resp\net\bytebuddy\byte-buddy\1.15.10\byte-buddy-1.15.10.jar;D:\lab\apache-maven-3.9.8\mvn_resp\org\awaitility\awaitility\4.2.2\awaitility-4.2.2.jar;D:\lab\apache-maven-3.9.8\mvn_resp\org\hamcrest\hamcrest\2.2\hamcrest-2.2.jar;D:\lab\apache-maven-3.9.8\mvn_resp\org\junit\jupiter\junit-jupiter\5.11.3\junit-jupiter-5.11.3.jar;D:\lab\apache-maven-3.9.8\mvn_resp\org\junit\jupiter\junit-jupiter-api\5.11.3\junit-jupiter-api-5.11.3.jar;D:\lab\apache-maven-3.9.8\mvn_resp\org\opentest4j\opentest4j\1.3.0\opentest4j-1.3.0.jar;D:\lab\apache-maven-3.9.8\mvn_resp\org\junit\platform\junit-platform-commons\1.11.3\junit-platform-commons-1.11.3.jar;D:\lab\apache-maven-3.9.8\mvn_resp\org\apiguardian\apiguardian-api\1.1.2\apiguardian-api-1.1.2.jar;D:\lab\apache-maven-3.9.8\mvn_resp\org\junit\jupiter\junit-jupiter-params\5.11.3\junit-jupiter-params-5.11.3.jar;D:\lab\apache-maven-3.9.8\mvn_resp\org\junit\jupiter\junit-jupiter-engine\5.11.3\junit-jupiter-engine-5.11.3.jar;D:\lab\apache-maven-3.9.8\mvn_resp\org\junit\platform\junit-platform-engine\1.11.3\junit-platform-engine-1.11.3.jar;D:\lab\apache-maven-3.9.8\mvn_resp\org\mockito\mockito-core\5.14.2\mockito-core-5.14.2.jar;D:\lab\apache-maven-3.9.8\mvn_resp\net\bytebuddy\byte-buddy-agent\1.15.10\byte-buddy-agent-1.15.10.jar;D:\lab\apache-maven-3.9.8\mvn_resp\org\objenesis\objenesis\3.3\objenesis-3.3.jar;D:\lab\apache-maven-3.9.8\mvn_resp\org\mockito\mockito-junit-jupiter\5.14.2\mockito-junit-jupiter-5.14.2.jar;D:\lab\apache-maven-3.9.8\mvn_resp\org\skyscreamer\jsonassert\1.5.3\jsonassert-1.5.3.jar;D:\lab\apache-maven-3.9.8\mvn_resp\com\vaadin\external\google\android-json\0.0.20131108.vaadin1\android-json-0.0.20131108.vaadin1.jar;D:\lab\apache-maven-3.9.8\mvn_resp\org\springframework\spring-test\6.2.0\spring-test-6.2.0.jar;D:\lab\apache-maven-3.9.8\mvn_resp\org\xmlunit\xmlunit-core\2.10.0\xmlunit-core-2.10.0.jar;D:\lab\apache-maven-3.9.8\mvn_resp\org\springframework\boot\spring-boot-starter-web\3.4.0\spring-boot-starter-web-3.4.0.jar;D:\lab\apache-maven-3.9.8\mvn_resp\org\springframework\boot\spring-boot-starter-json\3.4.0\spring-boot-starter-json-3.4.0.jar;D:\lab\apache-maven-3.9.8\mvn_resp\com\fasterxml\jackson\core\jackson-databind\2.18.1\jackson-databind-2.18.1.jar;D:\lab\apache-maven-3.9.8\mvn_resp\com\fasterxml\jackson\core\jackson-annotations\2.18.1\jackson-annotations-2.18.1.jar;D:\lab\apache-maven-3.9.8\mvn_resp\com\fasterxml\jackson\core\jackson-core\2.18.1\jackson-core-2.18.1.jar;D:\lab\apache-maven-3.9.8\mvn_resp\com\fasterxml\jackson\datatype\jackson-datatype-jdk8\2.18.1\jackson-datatype-jdk8-2.18.1.jar;D:\lab\apache-maven-3.9.8\mvn_resp\com\fasterxml\jackson\datatype\jackson-datatype-jsr310\2.18.1\jackson-datatype-jsr310-2.18.1.jar;D:\lab\apache-maven-3.9.8\mvn_resp\com\fasterxml\jackson\module\jackson-module-parameter-names\2.18.1\jackson-module-parameter-names-2.18.1.jar;D:\lab\apache-maven-3.9.8\mvn_resp\org\springframework\boot\spring-boot-starter-tomcat\3.4.0\spring-boot-starter-tomcat-3.4.0.jar;D:\lab\apache-maven-3.9.8\mvn_resp\org\apache\tomcat\embed\tomcat-embed-core\10.1.33\tomcat-embed-core-10.1.33.jar;D:\lab\apache-maven-3.9.8\mvn_resp\org\apache\tomcat\embed\tomcat-embed-el\10.1.33\tomcat-embed-el-10.1.33.jar;D:\lab\apache-maven-3.9.8\mvn_resp\org\apache\tomcat\embed\tomcat-embed-websocket\10.1.33\tomcat-embed-websocket-10.1.33.jar;D:\lab\apache-maven-3.9.8\mvn_resp\org\springframework\spring-web\6.2.0\spring-web-6.2.0.jar;D:\lab\apache-maven-3.9.8\mvn_resp\org\springframework\spring-beans\6.2.0\spring-beans-6.2.0.jar;D:\lab\apache-maven-3.9.8\mvn_resp\io\micrometer\micrometer-observation\1.14.1\micrometer-observation-1.14.1.jar;D:\lab\apache-maven-3.9.8\mvn_resp\io\micrometer\micrometer-commons\1.14.1\micrometer-commons-1.14.1.jar;D:\lab\apache-maven-3.9.8\mvn_resp\org\springframework\spring-webmvc\6.2.0\spring-webmvc-6.2.0.jar;D:\lab\apache-maven-3.9.8\mvn_resp\org\springframework\spring-aop\6.2.0\spring-aop-6.2.0.jar;D:\lab\apache-maven-3.9.8\mvn_resp\org\springframework\spring-expression\6.2.0\spring-expression-6.2.0.jar;"/>
    <property name="java.vm.vendor" value="Oracle Corporation"/>
    <property name="sun.arch.data.model" value="64"/>
    <property name="user.variant" value=""/>
    <property name="java.vendor.url" value="https://java.oracle.com/"/>
    <property name="user.timezone" value="Asia/Shanghai"/>
    <property name="os.name" value="Windows 11"/>
    <property name="java.vm.specification.version" value="17"/>
    <property name="APPLICATION_NAME" value="HelloGit"/>
    <property name="sun.java.launcher" value="SUN_STANDARD"/>
    <property name="user.country" value="CN"/>
    <property name="sun.boot.library.path" value="D:\lab\java-17.0.2\bin"/>
    <property name="sun.java.command" value="C:\Users\LDS1217\AppData\Local\Temp\surefire12720234162895850934\surefirebooter-20241129152741574_3.jar C:\Users\LDS1217\AppData\Local\Temp\surefire12720234162895850934 2024-11-29T15-27-41_394-jvmRun1 surefire-20241129152741574_1tmp surefire_0-20241129152741574_2tmp"/>
    <property name="jdk.debug" value="release"/>
    <property name="surefire.test.class.path" value="D:\code\HelloGit\target\test-classes;D:\code\HelloGit\target\classes;D:\lab\apache-maven-3.9.8\mvn_resp\org\springframework\boot\spring-boot-starter\3.4.0\spring-boot-starter-3.4.0.jar;D:\lab\apache-maven-3.9.8\mvn_resp\org\springframework\boot\spring-boot\3.4.0\spring-boot-3.4.0.jar;D:\lab\apache-maven-3.9.8\mvn_resp\org\springframework\spring-context\6.2.0\spring-context-6.2.0.jar;D:\lab\apache-maven-3.9.8\mvn_resp\org\springframework\boot\spring-boot-autoconfigure\3.4.0\spring-boot-autoconfigure-3.4.0.jar;D:\lab\apache-maven-3.9.8\mvn_resp\org\springframework\boot\spring-boot-starter-logging\3.4.0\spring-boot-starter-logging-3.4.0.jar;D:\lab\apache-maven-3.9.8\mvn_resp\ch\qos\logback\logback-classic\1.5.12\logback-classic-1.5.12.jar;D:\lab\apache-maven-3.9.8\mvn_resp\ch\qos\logback\logback-core\1.5.12\logback-core-1.5.12.jar;D:\lab\apache-maven-3.9.8\mvn_resp\org\apache\logging\log4j\log4j-to-slf4j\2.24.1\log4j-to-slf4j-2.24.1.jar;D:\lab\apache-maven-3.9.8\mvn_resp\org\apache\logging\log4j\log4j-api\2.24.1\log4j-api-2.24.1.jar;D:\lab\apache-maven-3.9.8\mvn_resp\org\slf4j\jul-to-slf4j\2.0.16\jul-to-slf4j-2.0.16.jar;D:\lab\apache-maven-3.9.8\mvn_resp\jakarta\annotation\jakarta.annotation-api\2.1.1\jakarta.annotation-api-2.1.1.jar;D:\lab\apache-maven-3.9.8\mvn_resp\org\springframework\spring-core\6.2.0\spring-core-6.2.0.jar;D:\lab\apache-maven-3.9.8\mvn_resp\org\springframework\spring-jcl\6.2.0\spring-jcl-6.2.0.jar;D:\lab\apache-maven-3.9.8\mvn_resp\org\yaml\snakeyaml\2.3\snakeyaml-2.3.jar;D:\lab\apache-maven-3.9.8\mvn_resp\org\springframework\boot\spring-boot-starter-test\3.4.0\spring-boot-starter-test-3.4.0.jar;D:\lab\apache-maven-3.9.8\mvn_resp\org\springframework\boot\spring-boot-test\3.4.0\spring-boot-test-3.4.0.jar;D:\lab\apache-maven-3.9.8\mvn_resp\org\springframework\boot\spring-boot-test-autoconfigure\3.4.0\spring-boot-test-autoconfigure-3.4.0.jar;D:\lab\apache-maven-3.9.8\mvn_resp\com\jayway\jsonpath\json-path\2.9.0\json-path-2.9.0.jar;D:\lab\apache-maven-3.9.8\mvn_resp\org\slf4j\slf4j-api\2.0.16\slf4j-api-2.0.16.jar;D:\lab\apache-maven-3.9.8\mvn_resp\jakarta\xml\bind\jakarta.xml.bind-api\4.0.2\jakarta.xml.bind-api-4.0.2.jar;D:\lab\apache-maven-3.9.8\mvn_resp\jakarta\activation\jakarta.activation-api\2.1.3\jakarta.activation-api-2.1.3.jar;D:\lab\apache-maven-3.9.8\mvn_resp\net\minidev\json-smart\2.5.1\json-smart-2.5.1.jar;D:\lab\apache-maven-3.9.8\mvn_resp\net\minidev\accessors-smart\2.5.1\accessors-smart-2.5.1.jar;D:\lab\apache-maven-3.9.8\mvn_resp\org\ow2\asm\asm\9.6\asm-9.6.jar;D:\lab\apache-maven-3.9.8\mvn_resp\org\assertj\assertj-core\3.26.3\assertj-core-3.26.3.jar;D:\lab\apache-maven-3.9.8\mvn_resp\net\bytebuddy\byte-buddy\1.15.10\byte-buddy-1.15.10.jar;D:\lab\apache-maven-3.9.8\mvn_resp\org\awaitility\awaitility\4.2.2\awaitility-4.2.2.jar;D:\lab\apache-maven-3.9.8\mvn_resp\org\hamcrest\hamcrest\2.2\hamcrest-2.2.jar;D:\lab\apache-maven-3.9.8\mvn_resp\org\junit\jupiter\junit-jupiter\5.11.3\junit-jupiter-5.11.3.jar;D:\lab\apache-maven-3.9.8\mvn_resp\org\junit\jupiter\junit-jupiter-api\5.11.3\junit-jupiter-api-5.11.3.jar;D:\lab\apache-maven-3.9.8\mvn_resp\org\opentest4j\opentest4j\1.3.0\opentest4j-1.3.0.jar;D:\lab\apache-maven-3.9.8\mvn_resp\org\junit\platform\junit-platform-commons\1.11.3\junit-platform-commons-1.11.3.jar;D:\lab\apache-maven-3.9.8\mvn_resp\org\apiguardian\apiguardian-api\1.1.2\apiguardian-api-1.1.2.jar;D:\lab\apache-maven-3.9.8\mvn_resp\org\junit\jupiter\junit-jupiter-params\5.11.3\junit-jupiter-params-5.11.3.jar;D:\lab\apache-maven-3.9.8\mvn_resp\org\junit\jupiter\junit-jupiter-engine\5.11.3\junit-jupiter-engine-5.11.3.jar;D:\lab\apache-maven-3.9.8\mvn_resp\org\junit\platform\junit-platform-engine\1.11.3\junit-platform-engine-1.11.3.jar;D:\lab\apache-maven-3.9.8\mvn_resp\org\mockito\mockito-core\5.14.2\mockito-core-5.14.2.jar;D:\lab\apache-maven-3.9.8\mvn_resp\net\bytebuddy\byte-buddy-agent\1.15.10\byte-buddy-agent-1.15.10.jar;D:\lab\apache-maven-3.9.8\mvn_resp\org\objenesis\objenesis\3.3\objenesis-3.3.jar;D:\lab\apache-maven-3.9.8\mvn_resp\org\mockito\mockito-junit-jupiter\5.14.2\mockito-junit-jupiter-5.14.2.jar;D:\lab\apache-maven-3.9.8\mvn_resp\org\skyscreamer\jsonassert\1.5.3\jsonassert-1.5.3.jar;D:\lab\apache-maven-3.9.8\mvn_resp\com\vaadin\external\google\android-json\0.0.20131108.vaadin1\android-json-0.0.20131108.vaadin1.jar;D:\lab\apache-maven-3.9.8\mvn_resp\org\springframework\spring-test\6.2.0\spring-test-6.2.0.jar;D:\lab\apache-maven-3.9.8\mvn_resp\org\xmlunit\xmlunit-core\2.10.0\xmlunit-core-2.10.0.jar;D:\lab\apache-maven-3.9.8\mvn_resp\org\springframework\boot\spring-boot-starter-web\3.4.0\spring-boot-starter-web-3.4.0.jar;D:\lab\apache-maven-3.9.8\mvn_resp\org\springframework\boot\spring-boot-starter-json\3.4.0\spring-boot-starter-json-3.4.0.jar;D:\lab\apache-maven-3.9.8\mvn_resp\com\fasterxml\jackson\core\jackson-databind\2.18.1\jackson-databind-2.18.1.jar;D:\lab\apache-maven-3.9.8\mvn_resp\com\fasterxml\jackson\core\jackson-annotations\2.18.1\jackson-annotations-2.18.1.jar;D:\lab\apache-maven-3.9.8\mvn_resp\com\fasterxml\jackson\core\jackson-core\2.18.1\jackson-core-2.18.1.jar;D:\lab\apache-maven-3.9.8\mvn_resp\com\fasterxml\jackson\datatype\jackson-datatype-jdk8\2.18.1\jackson-datatype-jdk8-2.18.1.jar;D:\lab\apache-maven-3.9.8\mvn_resp\com\fasterxml\jackson\datatype\jackson-datatype-jsr310\2.18.1\jackson-datatype-jsr310-2.18.1.jar;D:\lab\apache-maven-3.9.8\mvn_resp\com\fasterxml\jackson\module\jackson-module-parameter-names\2.18.1\jackson-module-parameter-names-2.18.1.jar;D:\lab\apache-maven-3.9.8\mvn_resp\org\springframework\boot\spring-boot-starter-tomcat\3.4.0\spring-boot-starter-tomcat-3.4.0.jar;D:\lab\apache-maven-3.9.8\mvn_resp\org\apache\tomcat\embed\tomcat-embed-core\10.1.33\tomcat-embed-core-10.1.33.jar;D:\lab\apache-maven-3.9.8\mvn_resp\org\apache\tomcat\embed\tomcat-embed-el\10.1.33\tomcat-embed-el-10.1.33.jar;D:\lab\apache-maven-3.9.8\mvn_resp\org\apache\tomcat\embed\tomcat-embed-websocket\10.1.33\tomcat-embed-websocket-10.1.33.jar;D:\lab\apache-maven-3.9.8\mvn_resp\org\springframework\spring-web\6.2.0\spring-web-6.2.0.jar;D:\lab\apache-maven-3.9.8\mvn_resp\org\springframework\spring-beans\6.2.0\spring-beans-6.2.0.jar;D:\lab\apache-maven-3.9.8\mvn_resp\io\micrometer\micrometer-observation\1.14.1\micrometer-observation-1.14.1.jar;D:\lab\apache-maven-3.9.8\mvn_resp\io\micrometer\micrometer-commons\1.14.1\micrometer-commons-1.14.1.jar;D:\lab\apache-maven-3.9.8\mvn_resp\org\springframework\spring-webmvc\6.2.0\spring-webmvc-6.2.0.jar;D:\lab\apache-maven-3.9.8\mvn_resp\org\springframework\spring-aop\6.2.0\spring-aop-6.2.0.jar;D:\lab\apache-maven-3.9.8\mvn_resp\org\springframework\spring-expression\6.2.0\spring-expression-6.2.0.jar;"/>
    <property name="sun.cpu.endian" value="little"/>
    <property name="user.home" value="C:\Users\LDS1217"/>
    <property name="user.language" value="zh"/>
    <property name="java.specification.vendor" value="Oracle Corporation"/>
    <property name="java.version.date" value="2022-01-18"/>
    <property name="java.home" value="D:\lab\java-17.0.2"/>
    <property name="file.separator" value="\"/>
    <property name="basedir" value="D:\code\HelloGit"/>
    <property name="java.vm.compressedOopsMode" value="Zero based"/>
    <property name="line.separator" value="&#10;"/>
    <property name="java.vm.specification.vendor" value="Oracle Corporation"/>
    <property name="java.specification.name" value="Java Platform API Specification"/>
    <property name="FILE_LOG_CHARSET" value="GBK"/>
    <property name="java.awt.headless" value="true"/>
    <property name="surefire.real.class.path" value="C:\Users\LDS1217\AppData\Local\Temp\surefire12720234162895850934\surefirebooter-20241129152741574_3.jar"/>
    <property name="user.script" value=""/>
    <property name="sun.management.compiler" value="HotSpot 64-Bit Tiered Compilers"/>
    <property name="java.runtime.version" value="17.0.2+8-LTS-86"/>
    <property name="user.name" value="LDS1217"/>
    <property name="path.separator" value=";"/>
    <property name="os.version" value="10.0"/>
    <property name="java.runtime.name" value="Java(TM) SE Runtime Environment"/>
    <property name="file.encoding" value="GBK"/>
    <property name="java.vm.name" value="Java HotSpot(TM) 64-Bit Server VM"/>
    <property name="localRepository" value="D:\lab\apache-maven-3.9.8\mvn_resp"/>
    <property name="java.vendor.url.bug" value="https://bugreport.java.com/bugreport/"/>
    <property name="java.io.tmpdir" value="C:\Users\LDS1217\AppData\Local\Temp\"/>
    <property name="idea.version" value="2024.1.4"/>
    <property name="java.version" value="17.0.2"/>
    <property name="user.dir" value="D:\code\HelloGit"/>
    <property name="os.arch" value="amd64"/>
    <property name="java.vm.specification.name" value="Java Virtual Machine Specification"/>
    <property name="PID" value="5652"/>
    <property name="sun.os.patch.level" value=""/>
    <property name="CONSOLE_LOG_CHARSET" value="GBK"/>
    <property name="native.encoding" value="GBK"/>
    <property name="java.library.path" value="D:\lab\java-17.0.2\bin;C:\WINDOWS\Sun\Java\bin;C:\WINDOWS\system32;C:\WINDOWS;D:\VM\bin\;&quot;D:\lab\java-17.0.2\bin;&quot;;C:\Program Files\Common Files\Oracle\Java\javapath;C:\Program Files\MySQL\MySQL Server 8.0\bin;C:\Windows\system32;C:\Windows;C:\Windows\System32\Wbem;C:\Windows\System32\WindowsPowerShell\v1.0\;C:\Windows\System32\OpenSSH\;C:\Program Files (x86)\NVIDIA Corporation\PhysX\Common;C:\Program Files\NVIDIA Corporation\NVIDIA NvDLISR;C:\WINDOWS\system32\config\systemprofile\.dnx\bin;C:\Program Files\Microsoft DNX\Dnvm\;C:\Program Files (x86)\Windows Kits\8.1\Windows Performance Toolkit\;C:\Program Files\Microsoft SQL Server\130\Tools\Binn\;D:\lab\java-17.0.2\bin;D:\lab\mysql-5.7.24-winx64\bin;D:\lab\java-17.0.2\jre\bin;D:\Matlab-1\runtime\win64;D:\Matlab-1\bin;C:\WINDOWS\system32;C:\WINDOWS;C:\WINDOWS\System32\Wbem;C:\WINDOWS\System32\WindowsPowerShell\v1.0\;C:\WINDOWS\System32\OpenSSH\;D:\Matlab2022\runtime\win64;D:\Matlab2022\bin;D:\lab\apache-maven-3.9.8\bin;C:\Program Files\Git\cmd;C:\Users\LDS1217\AppData\Local\Microsoft\WindowsApps;D:\Tencent\QQGameTempest\Hall.58139\;D:\lab\IntelliJ IDEA 2024.1.4\bin;;D:\lab\IntelliJ IDEA Community Edition 2024.1.4\bin;;D:\lab\vscode\Microsoft VS Code\bin;D:\lab\Graphviz\bin;."/>
    <property name="java.vm.info" value="mixed mode, sharing"/>
    <property name="java.vendor" value="Oracle Corporation"/>
    <property name="java.vm.version" value="17.0.2+8-LTS-86"/>
    <property name="sun.io.unicode.encoding" value="UnicodeLittle"/>
    <property name="maven.repo.local" value="D:\lab\apache-maven-3.9.8\mvn_resp"/>
    <property name="java.class.version" value="61.0"/>
    <property name="LOGGED_APPLICATION_NAME" value="[HelloGit] "/>
  </properties>
  <testcase name="contextLoads" classname="com.tencent.HelloGitApplicationTests" time="0.656">
    <system-out><![CDATA[15:27:42.288 [main] INFO org.springframework.test.context.support.AnnotationConfigContextLoaderUtils -- Could not detect default configuration classes for test class [com.tencent.HelloGitApplicationTests]: HelloGitApplicationTests does not declare any static, non-private, non-final, nested classes annotated with @Configuration.
15:27:42.384 [main] INFO org.springframework.boot.test.context.SpringBootTestContextBootstrapper -- Found @SpringBootConfiguration com.tencent.HelloGitApplication for test class com.tencent.HelloGitApplicationTests

  .   ____          _            __ _ _
 /\\ / ___'_ __ _ _(_)_ __  __ _ \ \ \ \
( ( )\___ | '_ | '_| | '_ \/ _` | \ \ \ \
 \\/  ___)| |_)| | | | | || (_| |  ) ) ) )
  '  |____| .__|_| |_|_| |_\__, | / / / /
 =========|_|==============|___/=/_/_/_/

 :: Spring Boot ::                (v3.4.0)

2024-11-29T15:27:42.797+08:00  INFO 5652 --- [HelloGit] [           main] com.tencent.HelloGitApplicationTests     : Starting HelloGitApplicationTests using Java 17.0.2 with PID 5652 (started by LDS1217 in D:\code\HelloGit)
2024-11-29T15:27:42.798+08:00  INFO 5652 --- [HelloGit] [           main] com.tencent.HelloGitApplicationTests     : No active profile set, falling back to 1 default profile: "default"
2024-11-29T15:27:43.925+08:00  INFO 5652 --- [HelloGit] [           main] com.tencent.HelloGitApplicationTests     : Started HelloGitApplicationTests in 1.412 seconds (process running for 2.245)
]]></system-out>
  </testcase>
</testsuite>